<?xml version="1.0" encoding="UTF-8"?>
<testng-results ignored="0" total="0" passed="0" failed="0" skipped="0">
  <reporter-output>
  </reporter-output>
  <suite started-at="2024-03-28T16:24:32 IST" name="Suite" finished-at="2024-03-28T16:24:32 IST" duration-ms="0">
    <groups>
      <group name="purchase">
        <method signature="end_to_end.submitOrder(java.util.HashMap)[pri:0, instance:Selenium.Tests.end_to_end@2657d4dd]" name="submitOrder" class="Selenium.Tests.end_to_end"/>
      </group> <!-- purchase -->
    </groups>
  </suite> <!-- Suite -->
</testng-results>
